2022-11-02 03:21:44,248 - base_model_qat - INFO - Quantization Aware training enabled
2022-11-02 03:21:44,250 - base_model_qat - INFO - Epoch 1 starts
2022-11-02 03:26:17,698 - base_model_qat - INFO - Metric value 0.000672
2022-11-02 03:26:17,716 - base_model_qat - INFO - Epoch 2 starts
2022-11-02 03:31:09,552 - base_model_qat - INFO - Metric value 0.000202
2022-11-02 03:31:09,555 - base_model_qat - INFO - Epoch 3 starts
2022-11-02 03:36:03,401 - base_model_qat - INFO - Metric value 0.00011
2022-11-02 03:36:03,402 - base_model_qat - INFO - Epoch 4 starts
2022-11-02 03:41:06,082 - base_model_qat - INFO - Metric value 8.3e-05
2022-11-02 03:41:06,085 - base_model_qat - INFO - Epoch 5 starts
2022-11-02 03:46:06,185 - base_model_qat - INFO - Metric value 6e-05
2022-11-02 03:46:06,188 - base_model_qat - INFO - Epoch 6 starts
2022-11-02 03:50:45,440 - base_model_qat - INFO - Metric value 4.3e-05
2022-11-02 03:50:45,442 - base_model_qat - INFO - Epoch 7 starts
2022-11-02 03:55:19,677 - base_model_qat - INFO - Metric value 4e-05
2022-11-02 03:55:19,679 - base_model_qat - INFO - Epoch 8 starts
2022-11-02 04:00:01,899 - base_model_qat - INFO - Metric value 3.6e-05
2022-11-02 04:00:01,901 - base_model_qat - INFO - Epoch 9 starts
2022-11-02 04:04:55,599 - base_model_qat - INFO - Metric value 2.9e-05
2022-11-02 04:04:55,602 - base_model_qat - INFO - Epoch 10 starts
2022-11-02 04:09:51,536 - base_model_qat - INFO - Metric value 2.8e-05
2022-11-02 04:09:51,540 - base_model_qat - INFO - Epoch 11 starts
2022-11-02 04:14:29,215 - base_model_qat - INFO - Metric value 2.4e-05
2022-11-02 04:14:29,218 - base_model_qat - INFO - Epoch 12 starts
2022-11-02 04:19:26,732 - base_model_qat - INFO - Metric value 2.7e-05
2022-11-02 04:19:26,734 - base_model_qat - INFO - Epoch 13 starts
2022-11-02 04:24:16,712 - base_model_qat - INFO - Metric value 2.2e-05
2022-11-02 04:24:16,715 - base_model_qat - INFO - Epoch 14 starts
2022-11-02 04:29:01,091 - base_model_qat - INFO - Metric value 2.4e-05
2022-11-02 04:29:01,094 - base_model_qat - INFO - Epoch 15 starts
2022-11-02 04:33:38,602 - base_model_qat - INFO - Metric value 3.4e-05
2022-11-02 04:33:38,608 - base_model_qat - INFO - Epoch 16 starts
2022-11-02 04:38:41,133 - base_model_qat - INFO - Metric value 2e-05
2022-11-02 04:38:41,136 - base_model_qat - INFO - Epoch 17 starts
2022-11-02 04:43:43,448 - base_model_qat - INFO - Metric value 2e-05
2022-11-02 04:43:43,452 - base_model_qat - INFO - Epoch 18 starts
2022-11-02 04:48:37,535 - base_model_qat - INFO - Metric value 1.6e-05
2022-11-02 04:48:37,538 - base_model_qat - INFO - Epoch 19 starts
2022-11-02 04:53:06,433 - base_model_qat - INFO - Metric value 1.5e-05
2022-11-02 04:53:06,436 - base_model_qat - INFO - Epoch 20 starts
2022-11-02 04:57:30,490 - base_model_qat - INFO - Metric value 1.4e-05
2022-11-02 04:57:30,493 - base_model_qat - INFO - Training has been accomplished for 95.77 minutes
