2022-11-07 00:32:34,472 - experiment_one - INFO - Experiment model: CRNN(
  (quant): QuantStub()
  (activation): ReLU()
  (conv): Conv2d(1, 4, kernel_size=(7, 18), stride=(5, 12))
  (dequant): DeQuantStub()
  (flatten): Flatten(start_dim=1, end_dim=2)
  (gru): GRU(28, 18, batch_first=True, dropout=0.1)
  (attention): Attention(
    (energy): Sequential(
      (0): Linear(in_features=18, out_features=18, bias=True)
      (1): Tanh()
      (2): Linear(in_features=18, out_features=1, bias=True)
    )
  )
  (classifier): Linear(in_features=18, out_features=2, bias=True)
  (equalizer): Linear(in_features=18, out_features=32, bias=True)
  (equalizer_rnn_1): Linear(in_features=18, out_features=32, bias=True)
  (equalizer_rnn_2): Linear(in_features=7, out_features=11, bias=True)
)
2022-11-07 00:32:55,411 - experiment_one - INFO - Quantization Aware training enabled
2022-11-07 00:32:55,413 - experiment_one - INFO - Epoch 1 starts
2022-11-07 00:36:06,833 - experiment_one - INFO - Metric value 0.001243
2022-11-07 00:36:06,836 - experiment_one - INFO - Epoch 2 starts
2022-11-07 00:39:22,033 - experiment_one - INFO - Metric value 0.000613
2022-11-07 00:39:22,036 - experiment_one - INFO - Epoch 3 starts
2022-11-07 00:42:35,318 - experiment_one - INFO - Metric value 0.000333
2022-11-07 00:42:35,322 - experiment_one - INFO - Epoch 4 starts
2022-11-07 00:46:08,857 - experiment_one - INFO - Metric value 0.000175
2022-11-07 00:46:08,860 - experiment_one - INFO - Epoch 5 starts
2022-11-07 00:49:26,482 - experiment_one - INFO - Metric value 0.00013
2022-11-07 00:49:26,488 - experiment_one - INFO - Epoch 6 starts
2022-11-07 00:52:17,632 - experiment_one - INFO - Metric value 0.000139
2022-11-07 00:52:17,633 - experiment_one - INFO - Epoch 7 starts
2022-11-07 00:55:00,001 - experiment_one - INFO - Metric value 9.3e-05
2022-11-07 00:55:00,005 - experiment_one - INFO - Epoch 8 starts
2022-11-07 00:58:11,883 - experiment_one - INFO - Metric value 0.000128
2022-11-07 00:58:11,885 - experiment_one - INFO - Epoch 9 starts
2022-11-07 01:01:20,100 - experiment_one - INFO - Metric value 9.5e-05
2022-11-07 01:01:20,103 - experiment_one - INFO - Epoch 10 starts
2022-11-07 01:04:35,141 - experiment_one - INFO - Metric value 7.5e-05
2022-11-07 01:04:35,171 - experiment_one - INFO - Epoch 11 starts
2022-11-07 01:07:42,891 - experiment_one - INFO - Metric value 6.7e-05
2022-11-07 01:07:42,893 - experiment_one - INFO - Epoch 12 starts
2022-11-07 01:10:54,167 - experiment_one - INFO - Metric value 8.3e-05
2022-11-07 01:10:54,169 - experiment_one - INFO - Epoch 13 starts
2022-11-07 01:14:20,858 - experiment_one - INFO - Metric value 7.6e-05
2022-11-07 01:14:20,860 - experiment_one - INFO - Epoch 14 starts
2022-11-07 01:17:29,518 - experiment_one - INFO - Metric value 7.6e-05
2022-11-07 01:17:29,520 - experiment_one - INFO - Epoch 15 starts
2022-11-07 01:19:46,719 - experiment_one - INFO - Metric value 6.5e-05
2022-11-07 01:19:46,721 - experiment_one - INFO - Epoch 16 starts
2022-11-07 01:22:20,783 - experiment_one - INFO - Metric value 6.8e-05
2022-11-07 01:22:20,785 - experiment_one - INFO - Epoch 17 starts
2022-11-07 01:24:58,539 - experiment_one - INFO - Metric value 6.9e-05
2022-11-07 01:24:58,540 - experiment_one - INFO - Epoch 18 starts
2022-11-07 01:27:12,522 - experiment_one - INFO - Metric value 7.8e-05
2022-11-07 01:27:12,523 - experiment_one - INFO - Epoch 19 starts
2022-11-07 01:29:56,486 - experiment_one - INFO - Metric value 7.2e-05
2022-11-07 01:29:56,488 - experiment_one - INFO - Epoch 20 starts
2022-11-07 01:32:31,918 - experiment_one - INFO - Metric value 6.3e-05
2022-11-07 01:32:31,921 - experiment_one - INFO - Epoch 21 starts
2022-11-07 01:35:14,579 - experiment_one - INFO - Metric value 5.8e-05
2022-11-07 01:35:14,582 - experiment_one - INFO - Epoch 22 starts
2022-11-07 01:38:15,886 - experiment_one - INFO - Metric value 5.6e-05
2022-11-07 01:38:15,889 - experiment_one - INFO - Epoch 23 starts
2022-11-07 01:41:19,076 - experiment_one - INFO - Metric value 8.1e-05
2022-11-07 01:41:19,078 - experiment_one - INFO - Epoch 24 starts
2022-11-07 01:44:02,140 - experiment_one - INFO - Metric value 5.8e-05
2022-11-07 01:44:02,142 - experiment_one - INFO - Epoch 25 starts
2022-11-07 01:46:26,630 - experiment_one - INFO - Metric value 6.8e-05
2022-11-07 01:46:26,632 - experiment_one - INFO - Training has been accomplished for 73.52 minutes
2022-11-07 01:54:01,948 - experiment_one - INFO - Quantization Aware training enabled
2022-11-07 01:54:01,956 - experiment_one - INFO - Training has been accomplished for 0.0 minutes
2022-11-07 01:56:49,076 - experiment_one - INFO - Quantization Aware training enabled
2022-11-07 01:56:49,078 - experiment_one - INFO - Training has been accomplished for 0.0 minutes
2022-11-07 01:57:10,541 - experiment_one - INFO - Quantization Aware training enabled
2022-11-07 01:57:10,543 - experiment_one - INFO - Training has been accomplished for 0.0 minutes
2022-11-07 01:57:22,699 - experiment_one - INFO - Quantization Aware training enabled
2022-11-07 01:57:22,701 - experiment_one - INFO - Training has been accomplished for 0.0 minutes
2022-11-07 01:58:55,905 - experiment_one - INFO - Quantization Aware training enabled
2022-11-07 01:58:55,907 - experiment_one - INFO - Training has been accomplished for 0.0 minutes
2022-11-07 01:59:09,953 - experiment_one - INFO - Quantization Aware training enabled
2022-11-07 01:59:09,955 - experiment_one - INFO - Training has been accomplished for 0.0 minutes
2022-11-07 01:59:18,066 - experiment_one - INFO - Quantization Aware training enabled
2022-11-07 01:59:18,068 - experiment_one - INFO - Training has been accomplished for 0.0 minutes
2022-11-07 02:00:45,580 - experiment_one - INFO - Quantization Aware training enabled
2022-11-07 02:00:45,582 - experiment_one - INFO - Training has been accomplished for 0.0 minutes
